  CG_OpenGL_03_Shader28.cpp
C:\Users\hgmin\source\repos\GODhanQ\CG_OpenGL_04\Project_28\CG_OpenGL_03_Shader28.cpp(5,32): warning C4244: '인수': '_Rep'에서 'unsigned int'(으)로 변환하면서 데이터가 손실될 수 있습니다.
C:\Users\hgmin\source\repos\GODhanQ\CG_OpenGL_04\Project_28\CG_OpenGL_03_Shader28.cpp(5,32): warning C4244:         with
C:\Users\hgmin\source\repos\GODhanQ\CG_OpenGL_04\Project_28\CG_OpenGL_03_Shader28.cpp(5,32): warning C4244:         [
C:\Users\hgmin\source\repos\GODhanQ\CG_OpenGL_04\Project_28\CG_OpenGL_03_Shader28.cpp(5,32): warning C4244:             _Rep=__int64
C:\Users\hgmin\source\repos\GODhanQ\CG_OpenGL_04\Project_28\CG_OpenGL_03_Shader28.cpp(5,32): warning C4244:         ]
C:\Users\hgmin\source\repos\GODhanQ\CG_OpenGL_04\Project_28\CG_OpenGL_03_Shader28.cpp(121,42): warning C4267: '인수': 'size_t'에서 'GLsizei'(으)로 변환하면서 데이터가 손실될 수 있습니다.
C:\Users\hgmin\source\repos\GODhanQ\CG_OpenGL_04\Project_28\CG_OpenGL_03_Shader28.cpp(141,80): warning C4267: '인수': 'size_t'에서 'GLint'(으)로 변환하면서 데이터가 손실될 수 있습니다.
C:\Users\hgmin\source\repos\GODhanQ\CG_OpenGL_04\Project_28\CG_OpenGL_03_Shader28.cpp(182,52): warning C4267: '인수': 'size_t'에서 'GLsizei'(으)로 변환하면서 데이터가 손실될 수 있습니다.
C:\Users\hgmin\source\repos\GODhanQ\CG_OpenGL_04\Project_28\CG_OpenGL_03_Shader28.cpp(229,58): warning C4267: '인수': 'size_t'에서 'GLsizei'(으)로 변환하면서 데이터가 손실될 수 있습니다.
C:\Users\hgmin\source\repos\GODhanQ\CG_OpenGL_04\Project_28\CG_OpenGL_03_Shader28.cpp(370,2): warning C4065: switch문에 'default'가 있으나 'case' 레이블이 없습니다.
C:\Users\hgmin\source\repos\GODhanQ\CG_OpenGL_04\Project_28\CG_OpenGL_03_Shader28.cpp(377,2): warning C4065: switch문에 'default'가 있으나 'case' 레이블이 없습니다.
C:\Users\hgmin\source\repos\GODhanQ\CG_OpenGL_04\Project_28\CG_OpenGL_03_Shader28.cpp(384,2): warning C4065: switch문에 'default'가 있으나 'case' 레이블이 없습니다.
C:\Users\hgmin\source\repos\GODhanQ\CG_OpenGL_04\Project_28\CG_OpenGL_03_Shader28.cpp(717,69): warning C4267: '인수': 'size_t'에서 '_Ty'(으)로 변환하면서 데이터가 손실될 수 있습니다.
C:\Users\hgmin\source\repos\GODhanQ\CG_OpenGL_04\Project_28\CG_OpenGL_03_Shader28.cpp(717,69): warning C4267:         with
C:\Users\hgmin\source\repos\GODhanQ\CG_OpenGL_04\Project_28\CG_OpenGL_03_Shader28.cpp(717,69): warning C4267:         [
C:\Users\hgmin\source\repos\GODhanQ\CG_OpenGL_04\Project_28\CG_OpenGL_03_Shader28.cpp(717,69): warning C4267:             _Ty=std::seed_seq::result_type
C:\Users\hgmin\source\repos\GODhanQ\CG_OpenGL_04\Project_28\CG_OpenGL_03_Shader28.cpp(717,69): warning C4267:         ]
  코드를 생성하고 있습니다.
  2 of 1087 functions ( 0.2%) were compiled, the rest were copied from previous compilation.
    0 functions were new in current compilation
    3 functions had inline decision re-evaluated but remain unchanged
  코드를 생성했습니다.
  Project_28.vcxproj -> C:\Users\hgmin\source\repos\GODhanQ\CG_OpenGL_04\x64\Release\Project_28.exe
