  CG_OpenGL_03_Shader26.cpp
C:\Users\hgmin\source\repos\GODhanQ\CG_OpenGL_04\Project_26\CG_OpenGL_03_Shader26.cpp(5,32): warning C4244: '인수': '_Rep'에서 'unsigned int'(으)로 변환하면서 데이터가 손실될 수 있습니다.
C:\Users\hgmin\source\repos\GODhanQ\CG_OpenGL_04\Project_26\CG_OpenGL_03_Shader26.cpp(5,32): warning C4244:         with
C:\Users\hgmin\source\repos\GODhanQ\CG_OpenGL_04\Project_26\CG_OpenGL_03_Shader26.cpp(5,32): warning C4244:         [
C:\Users\hgmin\source\repos\GODhanQ\CG_OpenGL_04\Project_26\CG_OpenGL_03_Shader26.cpp(5,32): warning C4244:             _Rep=__int64
C:\Users\hgmin\source\repos\GODhanQ\CG_OpenGL_04\Project_26\CG_OpenGL_03_Shader26.cpp(5,32): warning C4244:         ]
C:\Users\hgmin\source\repos\GODhanQ\CG_OpenGL_04\Project_26\CG_OpenGL_03_Shader26.cpp(110,42): warning C4267: '인수': 'size_t'에서 'GLsizei'(으)로 변환하면서 데이터가 손실될 수 있습니다.
C:\Users\hgmin\source\repos\GODhanQ\CG_OpenGL_04\Project_26\CG_OpenGL_03_Shader26.cpp(116,50): warning C4267: '인수': 'size_t'에서 'GLsizei'(으)로 변환하면서 데이터가 손실될 수 있습니다.
C:\Users\hgmin\source\repos\GODhanQ\CG_OpenGL_04\Project_26\CG_OpenGL_03_Shader26.cpp(161,52): warning C4267: '인수': 'size_t'에서 'GLsizei'(으)로 변환하면서 데이터가 손실될 수 있습니다.
C:\Users\hgmin\source\repos\GODhanQ\CG_OpenGL_04\Project_26\CG_OpenGL_03_Shader26.cpp(232,2): warning C4065: switch문에 'default'가 있으나 'case' 레이블이 없습니다.
C:\Users\hgmin\source\repos\GODhanQ\CG_OpenGL_04\Project_26\CG_OpenGL_03_Shader26.cpp(239,2): warning C4065: switch문에 'default'가 있으나 'case' 레이블이 없습니다.
C:\Users\hgmin\source\repos\GODhanQ\CG_OpenGL_04\Project_26\CG_OpenGL_03_Shader26.cpp(246,2): warning C4065: switch문에 'default'가 있으나 'case' 레이블이 없습니다.
C:\Users\hgmin\source\repos\GODhanQ\CG_OpenGL_04\Project_26\CG_OpenGL_03_Shader26.cpp(497,69): warning C4267: '인수': 'size_t'에서 '_Ty'(으)로 변환하면서 데이터가 손실될 수 있습니다.
C:\Users\hgmin\source\repos\GODhanQ\CG_OpenGL_04\Project_26\CG_OpenGL_03_Shader26.cpp(497,69): warning C4267:         with
C:\Users\hgmin\source\repos\GODhanQ\CG_OpenGL_04\Project_26\CG_OpenGL_03_Shader26.cpp(497,69): warning C4267:         [
C:\Users\hgmin\source\repos\GODhanQ\CG_OpenGL_04\Project_26\CG_OpenGL_03_Shader26.cpp(497,69): warning C4267:             _Ty=std::seed_seq::result_type
C:\Users\hgmin\source\repos\GODhanQ\CG_OpenGL_04\Project_26\CG_OpenGL_03_Shader26.cpp(497,69): warning C4267:         ]
  VarANDFunc_03_Shader26.cpp
  코드를 생성하고 있습니다.
  962 of 979 functions (98.3%) were compiled, the rest were copied from previous compilation.
    23 functions were new in current compilation
    1 functions had inline decision re-evaluated but remain unchanged
  코드를 생성했습니다.
  Project_26.vcxproj -> C:\Users\hgmin\source\repos\GODhanQ\CG_OpenGL_04\x64\Release\Project_26.exe
